Fri, 06 Mar 2026 13:04:42 GMT
SUCCESS: Message sent to i786m workspace successfully

Fri, 06 Mar 2026 13:04:43 GMT
ERROR: Failed to send message to ITD workspace.
An API error occurred: not_authed

Fri, 06 Mar 2026 13:04:43 GMT
ERROR: Failed to send message to ITP workspace.
An API error occurred: not_authed

Fri, 06 Mar 2026 13:04:43 GMT
ERROR: Failed to send message to CYF workspace.
An API error occurred: not_authed

Fri, 06 Mar 2026 16:03:45 GMT
SUCCESS: Message sent to i786m workspace successfully

Fri, 06 Mar 2026 16:03:45 GMT
ERROR: Failed to send message to ITD workspace.
An API error occurred: not_authed

Fri, 06 Mar 2026 16:03:45 GMT
ERROR: Failed to send message to ITP workspace.
An API error occurred: not_authed

Fri, 06 Mar 2026 16:03:45 GMT
ERROR: Failed to send message to CYF workspace.
An API error occurred: not_authed

Fri, 06 Mar 2026 17:29:43 GMT
Error in main function: join is not defined

Fri, 06 Mar 2026 17:30:27 GMT
SUCCESS: Message sent to i786m workspace successfully

Fri, 06 Mar 2026 17:30:28 GMT
ERROR: Failed to send message to ITD workspace.
An API error occurred: not_authed

Fri, 06 Mar 2026 17:30:28 GMT
ERROR: Failed to send message to ITP workspace.
An API error occurred: not_authed

Fri, 06 Mar 2026 17:30:28 GMT
ERROR: Failed to send message to CYF workspace.
An API error occurred: not_authed

Fri, 06 Mar 2026 17:33:18 GMT
SUCCESS: Message sent to i786m workspace successfully

Fri, 06 Mar 2026 17:33:18 GMT
ERROR: Failed to send message to ITD workspace.
An API error occurred: not_authed

Fri, 06 Mar 2026 17:33:18 GMT
ERROR: Failed to send message to ITP workspace.
An API error occurred: not_authed

Fri, 06 Mar 2026 17:33:18 GMT
ERROR: Failed to send message to CYF workspace.
An API error occurred: not_authed

Fri, 06 Mar 2026 17:34:54 GMT
SUCCESS: Message sent to i786m workspace successfully

Fri, 06 Mar 2026 17:34:54 GMT
ERROR: Failed to send message to ITD workspace.
An API error occurred: not_authed

Fri, 06 Mar 2026 17:34:54 GMT
ERROR: Failed to send message to ITP workspace.
An API error occurred: not_authed

Fri, 06 Mar 2026 17:34:55 GMT
ERROR: Failed to send message to CYF workspace.
An API error occurred: not_authed

Fri, 06 Mar 2026 17:35:13 GMT
SUCCESS: Message sent to i786m workspace successfully

Fri, 06 Mar 2026 17:35:13 GMT
ERROR: Failed to send message to ITD workspace.
An API error occurred: not_authed

Fri, 06 Mar 2026 17:35:13 GMT
ERROR: Failed to send message to ITP workspace.
An API error occurred: not_authed

Fri, 06 Mar 2026 17:35:13 GMT
ERROR: Failed to send message to CYF workspace.
An API error occurred: not_authed

Fri, 06 Mar 2026 17:35:37 GMT
SUCCESS: Message sent to i786m workspace successfully

Fri, 06 Mar 2026 17:35:37 GMT
ERROR: Failed to send message to ITD workspace.
An API error occurred: not_authed

Fri, 06 Mar 2026 17:35:38 GMT
ERROR: Failed to send message to ITP workspace.
An API error occurred: not_authed

Fri, 06 Mar 2026 17:35:38 GMT
ERROR: Failed to send message to CYF workspace.
An API error occurred: not_authed

Fri, 06 Mar 2026 21:39:09 GMT
SUCCESS: Message sent to i786m workspace successfully

Fri, 06 Mar 2026 21:39:09 GMT
ERROR: Failed to send message to ITD workspace.
An API error occurred: not_authed

Fri, 06 Mar 2026 21:39:09 GMT
ERROR: Failed to send message to ITP workspace.
An API error occurred: not_authed

Fri, 06 Mar 2026 21:39:09 GMT
ERROR: Failed to send message to CYF workspace.
An API error occurred: not_authed

Mon, 09 Mar 2026 09:10:43 GMT
SUCCESS: Message sent to i786m workspace successfully

Mon, 09 Mar 2026 09:10:43 GMT
ERROR: Failed to send message to ITD workspace.
An API error occurred: not_authed

Mon, 09 Mar 2026 09:10:43 GMT
ERROR: Failed to send message to ITP workspace.
An API error occurred: not_authed

Mon, 09 Mar 2026 09:10:43 GMT
ERROR: Failed to send message to CYF workspace.
An API error occurred: not_authed

Mon, 09 Mar 2026 09:16:37 GMT
SUCCESS: Message sent to i786m workspace successfully

Mon, 09 Mar 2026 09:16:38 GMT
ERROR: Failed to send message to ITD workspace.
An API error occurred: not_authed

Mon, 09 Mar 2026 09:16:38 GMT
ERROR: Failed to send message to ITP workspace.
An API error occurred: not_authed

Mon, 09 Mar 2026 09:16:38 GMT
ERROR: Failed to send message to CYF workspace.
An API error occurred: not_authed

Mon, 09 Mar 2026 09:26:52 GMT
SUCCESS: Message sent to i786m workspace successfully

Mon, 09 Mar 2026 09:26:52 GMT
ERROR: Failed to send message to ITD workspace.
An API error occurred: not_authed

Mon, 09 Mar 2026 09:26:52 GMT
ERROR: Failed to send message to ITP workspace.
An API error occurred: not_authed

Mon, 09 Mar 2026 09:26:52 GMT
ERROR: Failed to send message to CYF workspace.
An API error occurred: not_authed

Mon, 09 Mar 2026 09:27:26 GMT
SUCCESS: Message sent to i786m workspace successfully

Mon, 09 Mar 2026 09:27:26 GMT
ERROR: Failed to send message to ITD workspace.
An API error occurred: not_authed

Mon, 09 Mar 2026 09:27:27 GMT
ERROR: Failed to send message to ITP workspace.
An API error occurred: not_authed

Mon, 09 Mar 2026 09:27:27 GMT
ERROR: Failed to send message to CYF workspace.
An API error occurred: not_authed

Mon, 09 Mar 2026 09:30:06 GMT
SUCCESS: Message sent to i786m workspace successfully

Mon, 09 Mar 2026 09:30:06 GMT
ERROR: Failed to send message to ITD workspace.
An API error occurred: not_authed

Mon, 09 Mar 2026 09:30:06 GMT
ERROR: Failed to send message to ITP workspace.
An API error occurred: not_authed

Mon, 09 Mar 2026 09:30:06 GMT
ERROR: Failed to send message to CYF workspace.
An API error occurred: not_authed

Mon, 09 Mar 2026 09:31:27 GMT
SUCCESS: Message sent to i786m workspace successfully

Mon, 09 Mar 2026 09:31:28 GMT
ERROR: Failed to send message to ITD workspace.
An API error occurred: not_authed

Mon, 09 Mar 2026 09:31:28 GMT
ERROR: Failed to send message to ITP workspace.
An API error occurred: not_authed

Mon, 09 Mar 2026 09:31:28 GMT
ERROR: Failed to send message to CYF workspace.
An API error occurred: not_authed

Mon, 09 Mar 2026 09:32:14 GMT
SUCCESS: Message sent to i786m workspace successfully

Mon, 09 Mar 2026 09:32:14 GMT
ERROR: Failed to send message to ITD workspace.
An API error occurred: not_authed

Mon, 09 Mar 2026 09:32:14 GMT
ERROR: Failed to send message to ITP workspace.
An API error occurred: not_authed

Mon, 09 Mar 2026 09:32:14 GMT
ERROR: Failed to send message to CYF workspace.
An API error occurred: not_authed

Mon, 09 Mar 2026 09:34:23 GMT
SUCCESS: Message sent to i786m workspace successfully

Mon, 09 Mar 2026 09:34:23 GMT
ERROR: Failed to send message to ITD workspace.
An API error occurred: not_authed

Mon, 09 Mar 2026 09:34:23 GMT
ERROR: Failed to send message to ITP workspace.
An API error occurred: not_authed

Mon, 09 Mar 2026 09:34:23 GMT
ERROR: Failed to send message to CYF workspace.
An API error occurred: not_authed

Mon, 09 Mar 2026 11:11:31 GMT
SUCCESS: Message sent to i786m workspace successfully

Mon, 09 Mar 2026 11:11:31 GMT
ERROR: Failed to send message to ITD workspace.
An API error occurred: not_authed

Mon, 09 Mar 2026 11:11:31 GMT
ERROR: Failed to send message to ITP workspace.
An API error occurred: not_authed

Mon, 09 Mar 2026 11:11:32 GMT
ERROR: Failed to send message to CYF workspace.
An API error occurred: not_authed

